<?xml version="1.0" encoding="UTF-8"?>
<testng-results ignored="0" total="1" passed="1" failed="0" skipped="0">
  <reporter-output>
  </reporter-output>
  <suite started-at="2024-01-26T19:25:48 IST" name="Suite" finished-at="2024-01-26T19:25:58 IST" duration-ms="9691">
    <groups>
    </groups>
    <test started-at="2024-01-26T19:25:48 IST" name="Test" finished-at="2024-01-26T19:25:58 IST" duration-ms="9691">
      <class name="testing.login.log">
        <test-method is-config="true" signature="setup()[pri:0, instance:testing.login.log@233fe9b6]" started-at="2024-01-26T19:25:48 IST" name="setup" finished-at="2024-01-26T19:25:51 IST" duration-ms="2913" status="PASS">
          <reporter-output>
          </reporter-output>
        </test-method> <!-- setup -->
        <test-method signature="logintest()[pri:0, instance:testing.login.log@233fe9b6]" started-at="2024-01-26T19:25:51 IST" name="logintest" finished-at="2024-01-26T19:25:57 IST" duration-ms="6198" status="PASS">
          <reporter-output>
          </reporter-output>
        </test-method> <!-- logintest -->
        <test-method is-config="true" signature="teardown()[pri:0, instance:testing.login.log@233fe9b6]" started-at="2024-01-26T19:25:58 IST" name="teardown" finished-at="2024-01-26T19:25:58 IST" duration-ms="538" status="PASS">
          <reporter-output>
          </reporter-output>
        </test-method> <!-- teardown -->
      </class> <!-- testing.login.log -->
    </test> <!-- Test -->
  </suite> <!-- Suite -->
</testng-results>
